<?xml version="1.0" encoding="UTF-8"?>
<!-- Generated by org.testng.reporters.JUnitXMLReporter -->
<testsuite hostname="QSIH-00268" name="Default test" tests="8" failures="0" timestamp="9 Dec 2015 05:56:34 GMT" time="125.986" errors="0">
  <testcase name="createTextFile" time="0.005" classname="com.amp.tests.TextFile"/>
  <testcase name="customerAddAndListProj_Cust" time="2.353" classname="com.amp.tests.CustomerAddTest"/>
  <testcase name="test" time="3.703" classname="com.amp.tests.LoginText"/>
  <testcase name="actiLoginTest" time="0.509" classname="com.amp.tests.ActiLoginTest"/>
  <testcase name="googleaboutRightClick" time="1.823" classname="com.amp.tests.ContextClickTest"/>
  <testcase name="readTextFile" time="0.002" classname="com.amp.tests.TextFile"/>
  <testcase name="addProjectAndListProjCust" time="2.153" classname="com.amp.tests.ProjectAddTest"/>
  <testcase name="searchCustProject" time="1.663" classname="com.amp.tests.CustAndProjectSearchTest"/>
</testsuite> <!-- Default test -->
