<?xml version="1.0" encoding="UTF-8"?>
<testng-results skipped="0" failed="0" total="1" passed="1">
  <reporter-output>
  </reporter-output>
  <suite name="Default suite" duration-ms="5358" started-at="2015-11-26T05:12:04Z" finished-at="2015-11-26T05:12:09Z">
    <groups>
    </groups>
    <test name="Default test" duration-ms="5358" started-at="2015-11-26T05:12:04Z" finished-at="2015-11-26T05:12:09Z">
      <class name="com.amp.tests.Test">
        <test-method status="PASS" signature="test()[pri:0, instance:com.amp.tests.Test@19bb089b]" name="test" duration-ms="5345" started-at="2015-11-26T10:42:04Z" finished-at="2015-11-26T10:42:09Z">
          <reporter-output>
          </reporter-output>
        </test-method> <!-- test -->
      </class> <!-- com.amp.tests.Test -->
    </test> <!-- Default test -->
  </suite> <!-- Default suite -->
</testng-results>
